<?xml version="1.0" encoding="utf-8"?><testsuites><testsuite name="pytest" errors="0" failures="0" skipped="0" tests="4" time="0.062" timestamp="2023-06-15T23:33:16.799084" hostname="codespaces-6ef158"><testcase classname="tests.test_calculator" name="test_add" time="0.001" /><testcase classname="tests.test_calculator" name="test_sub" time="0.001" /><testcase classname="tests.test_calculator" name="test_mul" time="0.001" /><testcase classname="tests.test_calculator" name="test_div" time="0.001" /></testsuite></testsuites>